<?xml version="1.0" encoding="UTF-8"?>
<!-- Generated by org.testng.reporters.JUnitReportReporter -->
<testsuite skipped="0" hostname="ojas-dd422" name="jenkins.JenkinsDemo.JenkinsDemo" tests="1" failures="0" timestamp="19 Jul 2021 04:34:17 GMT" time="19.185" errors="0">
  <testcase name="LaunchApp" time="19.185" classname="jenkins.JenkinsDemo.JenkinsDemo"/>
</testsuite> <!-- jenkins.JenkinsDemo.JenkinsDemo -->
